c:\code\sickcity\sickcity\debug\sickcity.pch
c:\code\sickcity\sickcity\debug\vc140.pdb
c:\code\sickcity\sickcity\debug\vc140.idb
c:\code\sickcity\sickcity\debug\stdafx.obj
c:\code\sickcity\sickcity\debug\sickcity.obj
c:\code\sickcity\sickcity\debug\game.obj
c:\code\sickcity\sickcity\debug\main.obj
c:\code\sickcity\sickcity\debug\gamestateeditor.obj
c:\code\sickcity\sickcity\debug\gamestatestart.obj
c:\code\sickcity\sickcity\debug\texturemanager.obj
c:\code\sickcity\sickcity\debug\animationhandler.obj
c:\code\sickcity\debug\sickcity.ilk
c:\code\sickcity\debug\sickcity.exe
c:\code\sickcity\debug\sickcity.pdb
c:\code\sickcity\sickcity\debug\sickcity.tlog\cl.command.1.tlog
c:\code\sickcity\sickcity\debug\sickcity.tlog\cl.read.1.tlog
c:\code\sickcity\sickcity\debug\sickcity.tlog\cl.write.1.tlog
c:\code\sickcity\sickcity\debug\sickcity.tlog\link.command.1.tlog
c:\code\sickcity\sickcity\debug\sickcity.tlog\link.read.1.tlog
c:\code\sickcity\sickcity\debug\sickcity.tlog\link.write.1.tlog
